Using pre-set license
Built from '2021.1/staging' branch; Version is '2021.1.18f1 (25bdc3efbc2d) revision 2473411'; Using compiler version '192528614'; Build Type 'Release'
OS: 'Windows 10 Education; OS build 19042.631; Version 2009; 64bit' Language: 'en' Physical Memory: 8024 MB
BatchMode: 1, IsHumanControllingUs: 0, StartBugReporterOnCrash: 0, Is64bit: 1, IsPro: 0

COMMAND LINE ARGUMENTS:
C:\Program Files\Unity\Hub\Editor\2021.1.18f1\Editor\Unity.exe
-adb2
-batchMode
-noUpm
-name
AssetImportWorker0
-projectPath
C:/temp/TopDownGame
-logFile
Logs/AssetImportWorker0.log
-srvPort
62604
Successfully changed project path to: C:/temp/TopDownGame
C:/temp/TopDownGame
Using Asset Import Pipeline V2.
Refreshing native plugins compatible for Editor in 176.05 ms, found 4 plugins.
Preloading 0 native plugins for Editor in 0.00 ms.
Initialize engine version: 2021.1.18f1 (25bdc3efbc2d)
[Subsystems] Discovering subsystems at path C:/Program Files/Unity/Hub/Editor/2021.1.18f1/Editor/Data/Resources/UnitySubsystems
[Subsystems] Discovering subsystems at path C:/temp/TopDownGame/Assets
GfxDevice: creating device client; threaded=0; jobified=0
Direct3D:
    Version:  Direct3D 11.0 [level 11.1]
    Renderer: Intel(R) UHD Graphics 630 (ID=0x3e91)
    Vendor:   Intel
    VRAM:     4012 MB
    Driver:   27.20.100.9415
Initialize mono
Mono path[0] = 'C:/Program Files/Unity/Hub/Editor/2021.1.18f1/Editor/Data/Managed'
Mono path[1] = 'C:/Program Files/Unity/Hub/Editor/2021.1.18f1/Editor/Data/MonoBleedingEdge/lib/mono/unityjit'
Mono config path = 'C:/Program Files/Unity/Hub/Editor/2021.1.18f1/Editor/Data/MonoBleedingEdge/etc'
Using monoOptions --debugger-agent=transport=dt_socket,embedding=1,server=y,suspend=n,address=127.0.0.1:56808
Begin MonoManager ReloadAssembly
Registering precompiled unity dll's ...
Register platform support module: C:/Program Files/Unity/Hub/Editor/2021.1.18f1/Editor/Data/PlaybackEngines/WebGLSupport/UnityEditor.WebGL.Extensions.dll
Register platform support module: C:/Program Files/Unity/Hub/Editor/2021.1.18f1/Editor/Data/PlaybackEngines/MacStandaloneSupport/UnityEditor.OSXStandalone.Extensions.dll
Register platform support module: C:/Program Files/Unity/Hub/Editor/2021.1.18f1/Editor/Data/PlaybackEngines/WindowsStandaloneSupport/UnityEditor.WindowsStandalone.Extensions.dll
Register platform support module: C:/Program Files/Unity/Hub/Editor/2021.1.18f1/Editor/Data/PlaybackEngines/LinuxStandaloneSupport/UnityEditor.LinuxStandalone.Extensions.dll
Registered in 0.003131 seconds.
Native extension for LinuxStandalone target not found
Native extension for WindowsStandalone target not found
Native extension for OSXStandalone target not found
Native extension for WebGL target not found
Refreshing native plugins compatible for Editor in 190.68 ms, found 4 plugins.
Preloading 0 native plugins for Editor in 0.00 ms.
Mono: successfully reloaded assembly
- Completed reload, in  1.667 seconds
Domain Reload Profiling:
	ReloadAssembly (1667ms)
		BeginReloadAssembly (75ms)
			ExecutionOrderSort (0ms)
			DisableScriptedObjects (0ms)
			BackupInstance (0ms)
			ReleaseScriptingObjects (0ms)
			CreateAndSetChildDomain (1ms)
		EndReloadAssembly (668ms)
			LoadAssemblies (74ms)
			RebuildTransferFunctionScriptingTraits (0ms)
			SetupTypeCache (213ms)
			ReleaseScriptCaches (0ms)
			RebuildScriptCaches (41ms)
			SetupLoadedEditorAssemblies (357ms)
				LogAssemblyErrors (0ms)
				InitializePlatformSupportModulesInManaged (12ms)
				SetLoadedEditorAssemblies (0ms)
				RefreshPlugins (191ms)
				BeforeProcessingInitializeOnLoad (2ms)
				ProcessInitializeOnLoadAttributes (117ms)
				ProcessInitializeOnLoadMethodAttributes (36ms)
				AfterProcessingInitializeOnLoad (0ms)
				EditorAssembliesLoaded (0ms)
			ExecutionOrderSort2 (0ms)
			AwakeInstancesAfterBackupRestoration (0ms)
Platform modules already initialized, skipping
Registering precompiled user dll's ...
Registered in 0.007196 seconds.
Begin MonoManager ReloadAssembly
Native extension for LinuxStandalone target not found
Native extension for WindowsStandalone target not found
Native extension for OSXStandalone target not found
Native extension for WebGL target not found
Refreshing native plugins compatible for Editor in 191.96 ms, found 4 plugins.
Preloading 0 native plugins for Editor in 0.00 ms.
Mono: successfully reloaded assembly
- Completed reload, in  2.019 seconds
Domain Reload Profiling:
	ReloadAssembly (2020ms)
		BeginReloadAssembly (195ms)
			ExecutionOrderSort (0ms)
			DisableScriptedObjects (5ms)
			BackupInstance (0ms)
			ReleaseScriptingObjects (0ms)
			CreateAndSetChildDomain (25ms)
		EndReloadAssembly (1740ms)
			LoadAssemblies (143ms)
			RebuildTransferFunctionScriptingTraits (0ms)
			SetupTypeCache (529ms)
			ReleaseScriptCaches (1ms)
			RebuildScriptCaches (78ms)
			SetupLoadedEditorAssemblies (838ms)
				LogAssemblyErrors (0ms)
				InitializePlatformSupportModulesInManaged (8ms)
				SetLoadedEditorAssemblies (0ms)
				RefreshPlugins (192ms)
				BeforeProcessingInitializeOnLoad (142ms)
				ProcessInitializeOnLoadAttributes (470ms)
				ProcessInitializeOnLoadMethodAttributes (19ms)
				AfterProcessingInitializeOnLoad (6ms)
				EditorAssembliesLoaded (0ms)
			ExecutionOrderSort2 (0ms)
			AwakeInstancesAfterBackupRestoration (8ms)
Platform modules already initialized, skipping
========================================================================
Worker process is ready to serve import requests
Launched and connected shader compiler UnityShaderCompiler.exe after 0.14 seconds
Refreshing native plugins compatible for Editor in 1.13 ms, found 4 plugins.
Preloading 0 native plugins for Editor in 0.00 ms.
Unloading 4791 Unused Serialized files (Serialized files now loaded: 0)
System memory in use before: 180.0 MB.
System memory in use after: 180.3 MB.

Unloading 32 unused Assets to reduce memory usage. Loaded Objects now: 5238.
Total: 4.778400 ms (FindLiveObjects: 0.391800 ms CreateObjectMapping: 0.318800 ms MarkObjects: 3.974700 ms  DeleteObjects: 0.091500 ms)

AssetImportParameters requested are different than current active one (requested -> active):
  custom:framework-win-MediaFoundation: 216162199b28c13a410421893ffa2e32 -> 
  custom:video-decoder-ogg-theora: a1e56fd34408186e4bbccfd4996cb3dc -> 
  custom:container-muxer-webm: aa71ff27fc2769a1b78a27578f13a17b -> 
  custom:container-demuxer-webm: 4f35f7cbe854078d1ac9338744f61a02 -> 
  custom:container-demuxer-ogg: 62fdf1f143b41e24485cea50d1cbac27 -> 
  custom:video-encoder-webm-vp8: eb34c28f22e8b96e1ab97ce403110664 -> 
  custom:video-decoder-webm-vp8: 9c59270c3fd7afecdb556c50c9e8de78 -> 
  custom:audio-decoder-ogg-vorbis: bf7c407c2cedff20999df2af8eb42d56 -> 
  custom:audio-encoder-webm-vorbis: bf7c407c2cedff20999df2af8eb42d56 -> 
========================================================================
Received Import Request.
  path: Assets/graphics/layered_21.asset
  artifactKey: Guid(d2250ad1deab91043a72ba60825d5e1e) Importer(815301076,1909f56bfc062723c751e8b465ee728b)
Start importing Assets/graphics/layered_21.asset using Guid(d2250ad1deab91043a72ba60825d5e1e) Importer(815301076,1909f56bfc062723c751e8b465ee728b)  -> (artifact id: 'b0bb99264762100e6335f3fd34276ac1') in 0.094992 seconds 
========================================================================
Received Import Request.
  Time since last request: 0.000604 seconds.
  path: Assets/graphics/layered_8.asset
  artifactKey: Guid(a5c30beb90ef56349b94f5bcd3da3e7c) Importer(815301076,1909f56bfc062723c751e8b465ee728b)
Start importing Assets/graphics/layered_8.asset using Guid(a5c30beb90ef56349b94f5bcd3da3e7c) Importer(815301076,1909f56bfc062723c751e8b465ee728b)  -> (artifact id: 'c6c336170d6fa5300b0bbeae9957f9df') in 0.025309 seconds 
========================================================================
Received Import Request.
  Time since last request: 0.000248 seconds.
  path: Assets/graphics/grass-tile-3.png
  artifactKey: Guid(b0370e7b98b96a44cba15b57e56f8732) Importer(815301076,1909f56bfc062723c751e8b465ee728b)
Start importing Assets/graphics/grass-tile-3.png using Guid(b0370e7b98b96a44cba15b57e56f8732) Importer(815301076,1909f56bfc062723c751e8b465ee728b)  -> (artifact id: '2675b40cb3c1ac44d9f161ff50d61081') in 0.059761 seconds 
========================================================================
Received Import Request.
  Time since last request: 0.000201 seconds.
  path: Assets/graphics/layered_22.asset
  artifactKey: Guid(0a9416368743b9f4d9668c35eb439cff) Importer(815301076,1909f56bfc062723c751e8b465ee728b)
Start importing Assets/graphics/layered_22.asset using Guid(0a9416368743b9f4d9668c35eb439cff) Importer(815301076,1909f56bfc062723c751e8b465ee728b)  -> (artifact id: 'dbf8b165d49b93a7862ada58b05a984a') in 0.020482 seconds 
========================================================================
Received Import Request.
  Time since last request: 0.000210 seconds.
  path: Assets/graphics/layered_63.asset
  artifactKey: Guid(6080685d81cff7148bec3aeb541afe88) Importer(815301076,1909f56bfc062723c751e8b465ee728b)
Start importing Assets/graphics/layered_63.asset using Guid(6080685d81cff7148bec3aeb541afe88) Importer(815301076,1909f56bfc062723c751e8b465ee728b)  -> (artifact id: 'e18d0513098d21b7747ad36b57913803') in 0.022791 seconds 
========================================================================
Received Import Request.
  Time since last request: 0.000233 seconds.
  path: Assets/graphics/layered_28.asset
  artifactKey: Guid(9bc12418c24e9b94f8c55108e5a5f4a8) Importer(815301076,1909f56bfc062723c751e8b465ee728b)
Start importing Assets/graphics/layered_28.asset using Guid(9bc12418c24e9b94f8c55108e5a5f4a8) Importer(815301076,1909f56bfc062723c751e8b465ee728b)  -> (artifact id: 'cdadef837fd0a598e0de9bd09de9bf42') in 0.023613 seconds 
========================================================================
Received Import Request.
  Time since last request: 0.000214 seconds.
  path: Assets/graphics/layered_50.asset
  artifactKey: Guid(6281fe191fb1d934b866b6ac0a1ba166) Importer(815301076,1909f56bfc062723c751e8b465ee728b)
Start importing Assets/graphics/layered_50.asset using Guid(6281fe191fb1d934b866b6ac0a1ba166) Importer(815301076,1909f56bfc062723c751e8b465ee728b)  -> (artifact id: '8d04f6c025d6e9e3086219fec1070f98') in 0.025646 seconds 
========================================================================
Received Import Request.
  Time since last request: 0.000204 seconds.
  path: Assets/graphics/layered_33.asset
  artifactKey: Guid(6bbe73b420c128740969fc86df846822) Importer(815301076,1909f56bfc062723c751e8b465ee728b)
Start importing Assets/graphics/layered_33.asset using Guid(6bbe73b420c128740969fc86df846822) Importer(815301076,1909f56bfc062723c751e8b465ee728b)  -> (artifact id: '4ece051347053c86ef83eee6329f9df8') in 0.023206 seconds 
========================================================================
Received Import Request.
  Time since last request: 0.000336 seconds.
  path: Assets/graphics/layered_53.asset
  artifactKey: Guid(4ca1187788d7bce4783e084c14bf74ce) Importer(815301076,1909f56bfc062723c751e8b465ee728b)
Start importing Assets/graphics/layered_53.asset using Guid(4ca1187788d7bce4783e084c14bf74ce) Importer(815301076,1909f56bfc062723c751e8b465ee728b)  -> (artifact id: '6ea271013c85532c1e63bf6c0d7e97a8') in 0.028173 seconds 
========================================================================
Received Import Request.
  Time since last request: 0.000230 seconds.
  path: Assets/graphics/layered_61.asset
  artifactKey: Guid(83a867e62e9aa4a47b944a88fae31ea6) Importer(815301076,1909f56bfc062723c751e8b465ee728b)
Start importing Assets/graphics/layered_61.asset using Guid(83a867e62e9aa4a47b944a88fae31ea6) Importer(815301076,1909f56bfc062723c751e8b465ee728b)  -> (artifact id: 'c50ef15d3f999d4c6c7c374506cca5e6') in 0.022637 seconds 
========================================================================
Received Import Request.
  Time since last request: 0.000204 seconds.
  path: Assets/Scenes
  artifactKey: Guid(131a6b21c8605f84396be9f6751fb6e3) Importer(815301076,1909f56bfc062723c751e8b465ee728b)
Start importing Assets/Scenes using Guid(131a6b21c8605f84396be9f6751fb6e3) Importer(815301076,1909f56bfc062723c751e8b465ee728b)  -> (artifact id: 'df75b7d1a31c5b4f73fd45661b403b04') in 0.011946 seconds 
========================================================================
Received Import Request.
  Time since last request: 0.000258 seconds.
  path: Assets/graphics/grass-tile.asset
  artifactKey: Guid(2f5fdbaefed80024592a222c4d5b7934) Importer(815301076,1909f56bfc062723c751e8b465ee728b)
Start importing Assets/graphics/grass-tile.asset using Guid(2f5fdbaefed80024592a222c4d5b7934) Importer(815301076,1909f56bfc062723c751e8b465ee728b)  -> (artifact id: '2f3928887c5ae7ee2fe4a416106eb56b') in 0.017475 seconds 
========================================================================
Received Import Request.
  Time since last request: 0.000264 seconds.
  path: Assets/graphics/layered_2.asset
  artifactKey: Guid(02caf2f985a72324b91e9112989bdbbc) Importer(815301076,1909f56bfc062723c751e8b465ee728b)
Start importing Assets/graphics/layered_2.asset using Guid(02caf2f985a72324b91e9112989bdbbc) Importer(815301076,1909f56bfc062723c751e8b465ee728b)  -> (artifact id: '9b26ecc61edfa8c736fa6bc08b685f49') in 0.022612 seconds 
========================================================================
Received Import Request.
  Time since last request: 0.000249 seconds.
  path: Assets/graphics/layered_51.asset
  artifactKey: Guid(e5166daebb4d7fa4dbd08f7d8a5c566f) Importer(815301076,1909f56bfc062723c751e8b465ee728b)
Start importing Assets/graphics/layered_51.asset using Guid(e5166daebb4d7fa4dbd08f7d8a5c566f) Importer(815301076,1909f56bfc062723c751e8b465ee728b)  -> (artifact id: '2772c6aec80afcd409994068db7fb47e') in 0.020820 seconds 
========================================================================
Received Import Request.
  Time since last request: 0.000214 seconds.
  path: Assets/graphics/layered_34.asset
  artifactKey: Guid(198a2ed96ea4996458b3677c4c22eeda) Importer(815301076,1909f56bfc062723c751e8b465ee728b)
Start importing Assets/graphics/layered_34.asset using Guid(198a2ed96ea4996458b3677c4c22eeda) Importer(815301076,1909f56bfc062723c751e8b465ee728b)  -> (artifact id: '7fde691a7a056544cb7dc84e46d727f4') in 0.019571 seconds 
========================================================================
Received Import Request.
  Time since last request: 0.000195 seconds.
  path: Assets/graphics/layered_37.asset
  artifactKey: Guid(67f2a15edafceac43bccc3e5ab6f1dd1) Importer(815301076,1909f56bfc062723c751e8b465ee728b)
Start importing Assets/graphics/layered_37.asset using Guid(67f2a15edafceac43bccc3e5ab6f1dd1) Importer(815301076,1909f56bfc062723c751e8b465ee728b)  -> (artifact id: '2ed91ba42ab4225ff44d193248295556') in 0.025743 seconds 
========================================================================
Received Import Request.
  Time since last request: 0.000199 seconds.
  path: Assets/graphics/layered_59.asset
  artifactKey: Guid(be4c2af8cb76f4648ba9b0270fbe9480) Importer(815301076,1909f56bfc062723c751e8b465ee728b)
Start importing Assets/graphics/layered_59.asset using Guid(be4c2af8cb76f4648ba9b0270fbe9480) Importer(815301076,1909f56bfc062723c751e8b465ee728b)  -> (artifact id: '8fe78639ebcd275842aafa5dfbc63b63') in 0.021430 seconds 
========================================================================
Received Import Request.
  Time since last request: 0.000221 seconds.
  path: Assets/graphics/layered_58.asset
  artifactKey: Guid(79d24ae7177e96141812a86fcefe7a3f) Importer(815301076,1909f56bfc062723c751e8b465ee728b)
Start importing Assets/graphics/layered_58.asset using Guid(79d24ae7177e96141812a86fcefe7a3f) Importer(815301076,1909f56bfc062723c751e8b465ee728b)  -> (artifact id: 'f4cfbe61fc744daf7ae834185c941d3d') in 0.022471 seconds 
========================================================================
Received Import Request.
  Time since last request: 0.000204 seconds.
  path: Assets/graphics/layered_20.asset
  artifactKey: Guid(ad2941171815575499cc08179b75b696) Importer(815301076,1909f56bfc062723c751e8b465ee728b)
Start importing Assets/graphics/layered_20.asset using Guid(ad2941171815575499cc08179b75b696) Importer(815301076,1909f56bfc062723c751e8b465ee728b)  -> (artifact id: 'd8a936a7b76ba21280972cbfcc746e64') in 0.018930 seconds 
========================================================================
Received Import Request.
  Time since last request: 0.000272 seconds.
  path: Assets/graphics/layered_31.asset
  artifactKey: Guid(70ed3ed0cda931348bc7c416c8680882) Importer(815301076,1909f56bfc062723c751e8b465ee728b)
Start importing Assets/graphics/layered_31.asset using Guid(70ed3ed0cda931348bc7c416c8680882) Importer(815301076,1909f56bfc062723c751e8b465ee728b)  -> (artifact id: '80b13793a13b13785ce78e60018d849f') in 0.023010 seconds 
========================================================================
Received Import Request.
  Time since last request: 0.000232 seconds.
  path: Assets/graphics/layered_12.asset
  artifactKey: Guid(849f4df9b8a7bc24aae82b3b86b8d983) Importer(815301076,1909f56bfc062723c751e8b465ee728b)
Start importing Assets/graphics/layered_12.asset using Guid(849f4df9b8a7bc24aae82b3b86b8d983) Importer(815301076,1909f56bfc062723c751e8b465ee728b)  -> (artifact id: '1fdd517ea1fb3de8de1de261b7df962c') in 0.021644 seconds 
========================================================================
Received Import Request.
  Time since last request: 0.000226 seconds.
  path: Assets/graphics/layered_17.asset
  artifactKey: Guid(b065eb2fa5b543c409c7ea3a762a7f61) Importer(815301076,1909f56bfc062723c751e8b465ee728b)
Start importing Assets/graphics/layered_17.asset using Guid(b065eb2fa5b543c409c7ea3a762a7f61) Importer(815301076,1909f56bfc062723c751e8b465ee728b)  -> (artifact id: '0ee6bac555d8bdf6c42bc5a565bdd6d3') in 0.021208 seconds 
========================================================================
Received Import Request.
  Time since last request: 0.000311 seconds.
  path: Assets/graphics/layered_46.asset
  artifactKey: Guid(022d2a03abc0b5a4380d2264d5992466) Importer(815301076,1909f56bfc062723c751e8b465ee728b)
Start importing Assets/graphics/layered_46.asset using Guid(022d2a03abc0b5a4380d2264d5992466) Importer(815301076,1909f56bfc062723c751e8b465ee728b)  -> (artifact id: '44023ce796adfbe7b09c850d2e53e916') in 0.020302 seconds 
========================================================================
Received Import Request.
  Time since last request: 0.000699 seconds.
  path: Assets/graphics/layered_41.asset
  artifactKey: Guid(af29209dab49b5d42a3d4585b78bf1eb) Importer(815301076,1909f56bfc062723c751e8b465ee728b)
Start importing Assets/graphics/layered_41.asset using Guid(af29209dab49b5d42a3d4585b78bf1eb) Importer(815301076,1909f56bfc062723c751e8b465ee728b)  -> (artifact id: '5bdf22d49957de9dc710eb903777c347') in 0.024708 seconds 
========================================================================
Received Import Request.
  Time since last request: 0.000202 seconds.
  path: Assets/graphics/layered_25.asset
  artifactKey: Guid(a07beeed45c99ab4abe8ea1ff16d3860) Importer(815301076,1909f56bfc062723c751e8b465ee728b)
Start importing Assets/graphics/layered_25.asset using Guid(a07beeed45c99ab4abe8ea1ff16d3860) Importer(815301076,1909f56bfc062723c751e8b465ee728b)  -> (artifact id: 'a206c02d4e2046a7123da8479cb52148') in 0.019897 seconds 
========================================================================
Received Import Request.
  Time since last request: 0.000230 seconds.
  path: Assets/graphics/layered_4.asset
  artifactKey: Guid(e0396bcf166996741b40f6abd02ab676) Importer(815301076,1909f56bfc062723c751e8b465ee728b)
Start importing Assets/graphics/layered_4.asset using Guid(e0396bcf166996741b40f6abd02ab676) Importer(815301076,1909f56bfc062723c751e8b465ee728b)  -> (artifact id: '51433979b3f9cc7a5c991d91d8448ab3') in 0.021404 seconds 
========================================================================
Received Import Request.
  Time since last request: 0.000231 seconds.
  path: Assets/graphics/layered_15.asset
  artifactKey: Guid(a73854513611b2b40b219292381fabc2) Importer(815301076,1909f56bfc062723c751e8b465ee728b)
Start importing Assets/graphics/layered_15.asset using Guid(a73854513611b2b40b219292381fabc2) Importer(815301076,1909f56bfc062723c751e8b465ee728b)  -> (artifact id: '56c59783b0f8f917d2aeb3b47b865017') in 0.021611 seconds 
========================================================================
Received Import Request.
  Time since last request: 0.000253 seconds.
  path: Assets/graphics/layered_68.asset
  artifactKey: Guid(cb1432de35f1cbd498536381619465f0) Importer(815301076,1909f56bfc062723c751e8b465ee728b)
Start importing Assets/graphics/layered_68.asset using Guid(cb1432de35f1cbd498536381619465f0) Importer(815301076,1909f56bfc062723c751e8b465ee728b)  -> (artifact id: 'c2a97aa4f4371e168daf06c86259b359') in 0.022579 seconds 
========================================================================
Received Import Request.
  Time since last request: 0.000390 seconds.
  path: Assets/graphics/layered_38.asset
  artifactKey: Guid(98dbad586d13de043ae47c505fa94e37) Importer(815301076,1909f56bfc062723c751e8b465ee728b)
Start importing Assets/graphics/layered_38.asset using Guid(98dbad586d13de043ae47c505fa94e37) Importer(815301076,1909f56bfc062723c751e8b465ee728b)  -> (artifact id: '45fe1491a49b6fba52f5ef8ac1418bef') in 0.012564 seconds 
========================================================================
Received Import Request.
  Time since last request: 0.000210 seconds.
  path: Assets/graphics/layered_26.asset
  artifactKey: Guid(ab4894072bff3984ca07b38f9447b14f) Importer(815301076,1909f56bfc062723c751e8b465ee728b)
Start importing Assets/graphics/layered_26.asset using Guid(ab4894072bff3984ca07b38f9447b14f) Importer(815301076,1909f56bfc062723c751e8b465ee728b)  -> (artifact id: 'fa3c11a3840f1aa324230ccd0380b2cb') in 0.010722 seconds 
========================================================================
Received Import Request.
  Time since last request: 0.000195 seconds.
  path: Assets/graphics/layered_48.asset
  artifactKey: Guid(635c5cd3629300943b64337bdcceffae) Importer(815301076,1909f56bfc062723c751e8b465ee728b)
Start importing Assets/graphics/layered_48.asset using Guid(635c5cd3629300943b64337bdcceffae) Importer(815301076,1909f56bfc062723c751e8b465ee728b)  -> (artifact id: 'ccea23a04e5e72e48bc9cecc7dde02ad') in 0.010469 seconds 
========================================================================
Received Import Request.
  Time since last request: 0.000222 seconds.
  path: Assets/graphics/layered_27.asset
  artifactKey: Guid(aeebfb244d4d1fd43a8405d442598925) Importer(815301076,1909f56bfc062723c751e8b465ee728b)
Start importing Assets/graphics/layered_27.asset using Guid(aeebfb244d4d1fd43a8405d442598925) Importer(815301076,1909f56bfc062723c751e8b465ee728b)  -> (artifact id: '2089e7fac1ee55da8c0b0b26f8e49b61') in 0.011309 seconds 
========================================================================
Received Import Request.
  Time since last request: 0.000193 seconds.
  path: Assets/graphics/layered_64.asset
  artifactKey: Guid(593416dc1f51d084aaaa92d14fda11f1) Importer(815301076,1909f56bfc062723c751e8b465ee728b)
Start importing Assets/graphics/layered_64.asset using Guid(593416dc1f51d084aaaa92d14fda11f1) Importer(815301076,1909f56bfc062723c751e8b465ee728b)  -> (artifact id: 'bac864f09eb281f0ce03679722310578') in 0.009812 seconds 
========================================================================
Received Import Request.
  Time since last request: 4.362402 seconds.
  path: Assets/Scenes/SampleScene.unity
  artifactKey: Guid(2cda990e2423bbf4892e6590ba056729) Importer(815301076,1909f56bfc062723c751e8b465ee728b)
Start importing Assets/Scenes/SampleScene.unity using Guid(2cda990e2423bbf4892e6590ba056729) Importer(815301076,1909f56bfc062723c751e8b465ee728b)  -> (artifact id: '08ef9be3c10626dd57ec52578b9bca63') in 0.006868 seconds 
========================================================================
Received Prepare
Registering precompiled user dll's ...
Registered in 0.007016 seconds.
Begin MonoManager ReloadAssembly
Native extension for LinuxStandalone target not found
Native extension for WindowsStandalone target not found
Native extension for OSXStandalone target not found
Native extension for WebGL target not found
Refreshing native plugins compatible for Editor in 1.02 ms, found 4 plugins.
Preloading 0 native plugins for Editor in 0.00 ms.
Mono: successfully reloaded assembly
- Completed reload, in  1.522 seconds
Domain Reload Profiling:
	ReloadAssembly (1522ms)
		BeginReloadAssembly (144ms)
			ExecutionOrderSort (0ms)
			DisableScriptedObjects (7ms)
			BackupInstance (0ms)
			ReleaseScriptingObjects (0ms)
			CreateAndSetChildDomain (49ms)
		EndReloadAssembly (1306ms)
			LoadAssemblies (124ms)
			RebuildTransferFunctionScriptingTraits (0ms)
			SetupTypeCache (471ms)
			ReleaseScriptCaches (2ms)
			RebuildScriptCaches (59ms)
			SetupLoadedEditorAssemblies (482ms)
				LogAssemblyErrors (0ms)
				InitializePlatformSupportModulesInManaged (9ms)
				SetLoadedEditorAssemblies (1ms)
				RefreshPlugins (1ms)
				BeforeProcessingInitializeOnLoad (106ms)
				ProcessInitializeOnLoadAttributes (340ms)
				ProcessInitializeOnLoadMethodAttributes (18ms)
				AfterProcessingInitializeOnLoad (7ms)
				EditorAssembliesLoaded (0ms)
			ExecutionOrderSort2 (0ms)
			AwakeInstancesAfterBackupRestoration (42ms)
Platform modules already initialized, skipping
Refreshing native plugins compatible for Editor in 1.02 ms, found 4 plugins.
Preloading 0 native plugins for Editor in 0.00 ms.
Unloading 4722 Unused Serialized files (Serialized files now loaded: 0)
System memory in use before: 178.5 MB.
System memory in use after: 178.8 MB.

Unloading 20 unused Assets to reduce memory usage. Loaded Objects now: 5265.
Total: 4.651300 ms (FindLiveObjects: 0.398900 ms CreateObjectMapping: 0.322700 ms MarkObjects: 3.897400 ms  DeleteObjects: 0.030600 ms)

AssetImportParameters requested are different than current active one (requested -> active):
  custom:framework-win-MediaFoundation: 216162199b28c13a410421893ffa2e32 -> 
  custom:video-decoder-ogg-theora: a1e56fd34408186e4bbccfd4996cb3dc -> 
  custom:container-muxer-webm: aa71ff27fc2769a1b78a27578f13a17b -> 
  custom:container-demuxer-webm: 4f35f7cbe854078d1ac9338744f61a02 -> 
  custom:container-demuxer-ogg: 62fdf1f143b41e24485cea50d1cbac27 -> 
  custom:video-encoder-webm-vp8: eb34c28f22e8b96e1ab97ce403110664 -> 
  custom:video-decoder-webm-vp8: 9c59270c3fd7afecdb556c50c9e8de78 -> 
  custom:audio-decoder-ogg-vorbis: bf7c407c2cedff20999df2af8eb42d56 -> 
  custom:audio-encoder-webm-vorbis: bf7c407c2cedff20999df2af8eb42d56 -> 
========================================================================
Received Prepare
Registering precompiled user dll's ...
Registered in 0.006877 seconds.
Begin MonoManager ReloadAssembly
Native extension for LinuxStandalone target not found
Native extension for WindowsStandalone target not found
Native extension for OSXStandalone target not found
Native extension for WebGL target not found
Refreshing native plugins compatible for Editor in 1.08 ms, found 4 plugins.
Preloading 0 native plugins for Editor in 0.00 ms.
Mono: successfully reloaded assembly
- Completed reload, in  1.488 seconds
Domain Reload Profiling:
	ReloadAssembly (1488ms)
		BeginReloadAssembly (144ms)
			ExecutionOrderSort (0ms)
			DisableScriptedObjects (9ms)
			BackupInstance (0ms)
			ReleaseScriptingObjects (0ms)
			CreateAndSetChildDomain (48ms)
		EndReloadAssembly (1273ms)
			LoadAssemblies (120ms)
			RebuildTransferFunctionScriptingTraits (0ms)
			SetupTypeCache (469ms)
			ReleaseScriptCaches (2ms)
			RebuildScriptCaches (59ms)
			SetupLoadedEditorAssemblies (477ms)
				LogAssemblyErrors (0ms)
				InitializePlatformSupportModulesInManaged (9ms)
				SetLoadedEditorAssemblies (1ms)
				RefreshPlugins (1ms)
				BeforeProcessingInitializeOnLoad (102ms)
				ProcessInitializeOnLoadAttributes (347ms)
				ProcessInitializeOnLoadMethodAttributes (11ms)
				AfterProcessingInitializeOnLoad (7ms)
				EditorAssembliesLoaded (0ms)
			ExecutionOrderSort2 (0ms)
			AwakeInstancesAfterBackupRestoration (18ms)
Platform modules already initialized, skipping
Refreshing native plugins compatible for Editor in 2.79 ms, found 4 plugins.
Preloading 0 native plugins for Editor in 0.00 ms.
Unloading 4721 Unused Serialized files (Serialized files now loaded: 0)
System memory in use before: 178.5 MB.
System memory in use after: 178.8 MB.

Unloading 20 unused Assets to reduce memory usage. Loaded Objects now: 5268.
Total: 4.832500 ms (FindLiveObjects: 0.419700 ms CreateObjectMapping: 0.319700 ms MarkObjects: 4.062200 ms  DeleteObjects: 0.029800 ms)

AssetImportParameters requested are different than current active one (requested -> active):
  custom:framework-win-MediaFoundation: 216162199b28c13a410421893ffa2e32 -> 
  custom:video-decoder-ogg-theora: a1e56fd34408186e4bbccfd4996cb3dc -> 
  custom:container-muxer-webm: aa71ff27fc2769a1b78a27578f13a17b -> 
  custom:container-demuxer-webm: 4f35f7cbe854078d1ac9338744f61a02 -> 
  custom:container-demuxer-ogg: 62fdf1f143b41e24485cea50d1cbac27 -> 
  custom:video-encoder-webm-vp8: eb34c28f22e8b96e1ab97ce403110664 -> 
  custom:video-decoder-webm-vp8: 9c59270c3fd7afecdb556c50c9e8de78 -> 
  custom:audio-decoder-ogg-vorbis: bf7c407c2cedff20999df2af8eb42d56 -> 
  custom:audio-encoder-webm-vorbis: bf7c407c2cedff20999df2af8eb42d56 -> 
========================================================================
Received Prepare
Registering precompiled user dll's ...
Registered in 0.006928 seconds.
Begin MonoManager ReloadAssembly
Native extension for LinuxStandalone target not found
Native extension for WindowsStandalone target not found
Native extension for OSXStandalone target not found
Native extension for WebGL target not found
Refreshing native plugins compatible for Editor in 2.34 ms, found 4 plugins.
Preloading 0 native plugins for Editor in 0.00 ms.
Mono: successfully reloaded assembly
- Completed reload, in  2.137 seconds
Domain Reload Profiling:
	ReloadAssembly (2138ms)
		BeginReloadAssembly (155ms)
			ExecutionOrderSort (0ms)
			DisableScriptedObjects (9ms)
			BackupInstance (0ms)
			ReleaseScriptingObjects (0ms)
			CreateAndSetChildDomain (48ms)
		EndReloadAssembly (1914ms)
			LoadAssemblies (125ms)
			RebuildTransferFunctionScriptingTraits (0ms)
			SetupTypeCache (575ms)
			ReleaseScriptCaches (3ms)
			RebuildScriptCaches (104ms)
			SetupLoadedEditorAssemblies (840ms)
				LogAssemblyErrors (0ms)
				InitializePlatformSupportModulesInManaged (17ms)
				SetLoadedEditorAssemblies (1ms)
				RefreshPlugins (2ms)
				BeforeProcessingInitializeOnLoad (157ms)
				ProcessInitializeOnLoadAttributes (632ms)
				ProcessInitializeOnLoadMethodAttributes (21ms)
				AfterProcessingInitializeOnLoad (11ms)
				EditorAssembliesLoaded (1ms)
			ExecutionOrderSort2 (0ms)
			AwakeInstancesAfterBackupRestoration (32ms)
Platform modules already initialized, skipping
Refreshing native plugins compatible for Editor in 1.75 ms, found 4 plugins.
Preloading 0 native plugins for Editor in 0.00 ms.
Unloading 4721 Unused Serialized files (Serialized files now loaded: 0)
System memory in use before: 178.6 MB.
System memory in use after: 178.8 MB.

Unloading 20 unused Assets to reduce memory usage. Loaded Objects now: 5271.
Total: 10.189100 ms (FindLiveObjects: 0.689400 ms CreateObjectMapping: 0.620700 ms MarkObjects: 8.802800 ms  DeleteObjects: 0.072900 ms)

AssetImportParameters requested are different than current active one (requested -> active):
  custom:framework-win-MediaFoundation: 216162199b28c13a410421893ffa2e32 -> 
  custom:video-decoder-ogg-theora: a1e56fd34408186e4bbccfd4996cb3dc -> 
  custom:container-muxer-webm: aa71ff27fc2769a1b78a27578f13a17b -> 
  custom:container-demuxer-webm: 4f35f7cbe854078d1ac9338744f61a02 -> 
  custom:container-demuxer-ogg: 62fdf1f143b41e24485cea50d1cbac27 -> 
  custom:video-encoder-webm-vp8: eb34c28f22e8b96e1ab97ce403110664 -> 
  custom:video-decoder-webm-vp8: 9c59270c3fd7afecdb556c50c9e8de78 -> 
  custom:audio-decoder-ogg-vorbis: bf7c407c2cedff20999df2af8eb42d56 -> 
  custom:audio-encoder-webm-vorbis: bf7c407c2cedff20999df2af8eb42d56 -> 
========================================================================
Received Prepare
Registering precompiled user dll's ...
Registered in 0.006885 seconds.
Begin MonoManager ReloadAssembly
Native extension for LinuxStandalone target not found
Native extension for WindowsStandalone target not found
Native extension for OSXStandalone target not found
Native extension for WebGL target not found
Refreshing native plugins compatible for Editor in 1.01 ms, found 4 plugins.
Preloading 0 native plugins for Editor in 0.00 ms.
Mono: successfully reloaded assembly
- Completed reload, in  1.474 seconds
Domain Reload Profiling:
	ReloadAssembly (1474ms)
		BeginReloadAssembly (148ms)
			ExecutionOrderSort (0ms)
			DisableScriptedObjects (8ms)
			BackupInstance (0ms)
			ReleaseScriptingObjects (0ms)
			CreateAndSetChildDomain (45ms)
		EndReloadAssembly (1252ms)
			LoadAssemblies (117ms)
			RebuildTransferFunctionScriptingTraits (0ms)
			SetupTypeCache (460ms)
			ReleaseScriptCaches (2ms)
			RebuildScriptCaches (60ms)
			SetupLoadedEditorAssemblies (469ms)
				LogAssemblyErrors (0ms)
				InitializePlatformSupportModulesInManaged (9ms)
				SetLoadedEditorAssemblies (1ms)
				RefreshPlugins (1ms)
				BeforeProcessingInitializeOnLoad (99ms)
				ProcessInitializeOnLoadAttributes (341ms)
				ProcessInitializeOnLoadMethodAttributes (11ms)
				AfterProcessingInitializeOnLoad (6ms)
				EditorAssembliesLoaded (0ms)
			ExecutionOrderSort2 (0ms)
			AwakeInstancesAfterBackupRestoration (17ms)
Platform modules already initialized, skipping
Refreshing native plugins compatible for Editor in 1.01 ms, found 4 plugins.
Preloading 0 native plugins for Editor in 0.00 ms.
Unloading 4721 Unused Serialized files (Serialized files now loaded: 0)
System memory in use before: 178.6 MB.
System memory in use after: 178.9 MB.

Unloading 20 unused Assets to reduce memory usage. Loaded Objects now: 5274.
Total: 6.490100 ms (FindLiveObjects: 0.538200 ms CreateObjectMapping: 0.485500 ms MarkObjects: 5.427900 ms  DeleteObjects: 0.036900 ms)

AssetImportParameters requested are different than current active one (requested -> active):
  custom:framework-win-MediaFoundation: 216162199b28c13a410421893ffa2e32 -> 
  custom:video-decoder-ogg-theora: a1e56fd34408186e4bbccfd4996cb3dc -> 
  custom:container-muxer-webm: aa71ff27fc2769a1b78a27578f13a17b -> 
  custom:container-demuxer-webm: 4f35f7cbe854078d1ac9338744f61a02 -> 
  custom:container-demuxer-ogg: 62fdf1f143b41e24485cea50d1cbac27 -> 
  custom:video-encoder-webm-vp8: eb34c28f22e8b96e1ab97ce403110664 -> 
  custom:video-decoder-webm-vp8: 9c59270c3fd7afecdb556c50c9e8de78 -> 
  custom:audio-decoder-ogg-vorbis: bf7c407c2cedff20999df2af8eb42d56 -> 
  custom:audio-encoder-webm-vorbis: bf7c407c2cedff20999df2af8eb42d56 -> 
========================================================================
Received Prepare
Registering precompiled user dll's ...
Registered in 0.007504 seconds.
Begin MonoManager ReloadAssembly
Native extension for LinuxStandalone target not found
Native extension for WindowsStandalone target not found
Native extension for OSXStandalone target not found
Native extension for WebGL target not found
Refreshing native plugins compatible for Editor in 1.01 ms, found 4 plugins.
Preloading 0 native plugins for Editor in 0.00 ms.
Mono: successfully reloaded assembly
- Completed reload, in  1.475 seconds
Domain Reload Profiling:
	ReloadAssembly (1475ms)
		BeginReloadAssembly (146ms)
			ExecutionOrderSort (0ms)
			DisableScriptedObjects (8ms)
			BackupInstance (0ms)
			ReleaseScriptingObjects (0ms)
			CreateAndSetChildDomain (45ms)
		EndReloadAssembly (1256ms)
			LoadAssemblies (117ms)
			RebuildTransferFunctionScriptingTraits (0ms)
			SetupTypeCache (461ms)
			ReleaseScriptCaches (2ms)
			RebuildScriptCaches (60ms)
			SetupLoadedEditorAssemblies (472ms)
				LogAssemblyErrors (0ms)
				InitializePlatformSupportModulesInManaged (9ms)
				SetLoadedEditorAssemblies (1ms)
				RefreshPlugins (1ms)
				BeforeProcessingInitializeOnLoad (101ms)
				ProcessInitializeOnLoadAttributes (342ms)
				ProcessInitializeOnLoadMethodAttributes (12ms)
				AfterProcessingInitializeOnLoad (6ms)
				EditorAssembliesLoaded (0ms)
			ExecutionOrderSort2 (0ms)
			AwakeInstancesAfterBackupRestoration (19ms)
Platform modules already initialized, skipping
Refreshing native plugins compatible for Editor in 1.03 ms, found 4 plugins.
Preloading 0 native plugins for Editor in 0.00 ms.
Unloading 4721 Unused Serialized files (Serialized files now loaded: 0)
System memory in use before: 178.4 MB.
System memory in use after: 178.7 MB.

Unloading 20 unused Assets to reduce memory usage. Loaded Objects now: 5277.
Total: 5.850700 ms (FindLiveObjects: 0.878900 ms CreateObjectMapping: 0.579600 ms MarkObjects: 4.356200 ms  DeleteObjects: 0.034000 ms)

AssetImportParameters requested are different than current active one (requested -> active):
  custom:framework-win-MediaFoundation: 216162199b28c13a410421893ffa2e32 -> 
  custom:video-decoder-ogg-theora: a1e56fd34408186e4bbccfd4996cb3dc -> 
  custom:container-muxer-webm: aa71ff27fc2769a1b78a27578f13a17b -> 
  custom:container-demuxer-webm: 4f35f7cbe854078d1ac9338744f61a02 -> 
  custom:container-demuxer-ogg: 62fdf1f143b41e24485cea50d1cbac27 -> 
  custom:video-encoder-webm-vp8: eb34c28f22e8b96e1ab97ce403110664 -> 
  custom:video-decoder-webm-vp8: 9c59270c3fd7afecdb556c50c9e8de78 -> 
  custom:audio-decoder-ogg-vorbis: bf7c407c2cedff20999df2af8eb42d56 -> 
  custom:audio-encoder-webm-vorbis: bf7c407c2cedff20999df2af8eb42d56 -> 
========================================================================
Received Prepare
Registering precompiled user dll's ...
Registered in 0.006868 seconds.
Begin MonoManager ReloadAssembly
Native extension for LinuxStandalone target not found
Native extension for WindowsStandalone target not found
Native extension for OSXStandalone target not found
Native extension for WebGL target not found
Refreshing native plugins compatible for Editor in 1.00 ms, found 4 plugins.
Preloading 0 native plugins for Editor in 0.00 ms.
Mono: successfully reloaded assembly
- Completed reload, in  1.468 seconds
Domain Reload Profiling:
	ReloadAssembly (1468ms)
		BeginReloadAssembly (142ms)
			ExecutionOrderSort (0ms)
			DisableScriptedObjects (9ms)
			BackupInstance (0ms)
			ReleaseScriptingObjects (0ms)
			CreateAndSetChildDomain (44ms)
		EndReloadAssembly (1255ms)
			LoadAssemblies (120ms)
			RebuildTransferFunctionScriptingTraits (0ms)
			SetupTypeCache (458ms)
			ReleaseScriptCaches (2ms)
			RebuildScriptCaches (60ms)
			SetupLoadedEditorAssemblies (475ms)
				LogAssemblyErrors (0ms)
				InitializePlatformSupportModulesInManaged (9ms)
				SetLoadedEditorAssemblies (1ms)
				RefreshPlugins (1ms)
				BeforeProcessingInitializeOnLoad (100ms)
				ProcessInitializeOnLoadAttributes (345ms)
				ProcessInitializeOnLoadMethodAttributes (11ms)
				AfterProcessingInitializeOnLoad (7ms)
				EditorAssembliesLoaded (0ms)
			ExecutionOrderSort2 (0ms)
			AwakeInstancesAfterBackupRestoration (18ms)
Platform modules already initialized, skipping
Refreshing native plugins compatible for Editor in 1.13 ms, found 4 plugins.
Preloading 0 native plugins for Editor in 0.00 ms.
Unloading 4721 Unused Serialized files (Serialized files now loaded: 0)
System memory in use before: 178.6 MB.
System memory in use after: 178.9 MB.

Unloading 20 unused Assets to reduce memory usage. Loaded Objects now: 5280.
Total: 5.076300 ms (FindLiveObjects: 0.418400 ms CreateObjectMapping: 0.361000 ms MarkObjects: 4.245700 ms  DeleteObjects: 0.049000 ms)

AssetImportParameters requested are different than current active one (requested -> active):
  custom:framework-win-MediaFoundation: 216162199b28c13a410421893ffa2e32 -> 
  custom:video-decoder-ogg-theora: a1e56fd34408186e4bbccfd4996cb3dc -> 
  custom:container-muxer-webm: aa71ff27fc2769a1b78a27578f13a17b -> 
  custom:container-demuxer-webm: 4f35f7cbe854078d1ac9338744f61a02 -> 
  custom:container-demuxer-ogg: 62fdf1f143b41e24485cea50d1cbac27 -> 
  custom:video-encoder-webm-vp8: eb34c28f22e8b96e1ab97ce403110664 -> 
  custom:video-decoder-webm-vp8: 9c59270c3fd7afecdb556c50c9e8de78 -> 
  custom:audio-decoder-ogg-vorbis: bf7c407c2cedff20999df2af8eb42d56 -> 
  custom:audio-encoder-webm-vorbis: bf7c407c2cedff20999df2af8eb42d56 -> 
========================================================================
Received Prepare
Registering precompiled user dll's ...
Registered in 0.006912 seconds.
Begin MonoManager ReloadAssembly
Native extension for LinuxStandalone target not found
Native extension for WindowsStandalone target not found
Native extension for OSXStandalone target not found
Native extension for WebGL target not found
Refreshing native plugins compatible for Editor in 1.25 ms, found 4 plugins.
Preloading 0 native plugins for Editor in 0.00 ms.
Mono: successfully reloaded assembly
- Completed reload, in  1.469 seconds
Domain Reload Profiling:
	ReloadAssembly (1470ms)
		BeginReloadAssembly (143ms)
			ExecutionOrderSort (0ms)
			DisableScriptedObjects (8ms)
			BackupInstance (0ms)
			ReleaseScriptingObjects (0ms)
			CreateAndSetChildDomain (44ms)
		EndReloadAssembly (1255ms)
			LoadAssemblies (118ms)
			RebuildTransferFunctionScriptingTraits (0ms)
			SetupTypeCache (463ms)
			ReleaseScriptCaches (2ms)
			RebuildScriptCaches (60ms)
			SetupLoadedEditorAssemblies (471ms)
				LogAssemblyErrors (0ms)
				InitializePlatformSupportModulesInManaged (9ms)
				SetLoadedEditorAssemblies (1ms)
				RefreshPlugins (1ms)
				BeforeProcessingInitializeOnLoad (101ms)
				ProcessInitializeOnLoadAttributes (341ms)
				ProcessInitializeOnLoadMethodAttributes (11ms)
				AfterProcessingInitializeOnLoad (7ms)
				EditorAssembliesLoaded (0ms)
			ExecutionOrderSort2 (0ms)
			AwakeInstancesAfterBackupRestoration (17ms)
Platform modules already initialized, skipping
Refreshing native plugins compatible for Editor in 1.03 ms, found 4 plugins.
Preloading 0 native plugins for Editor in 0.00 ms.
Unloading 4721 Unused Serialized files (Serialized files now loaded: 0)
System memory in use before: 178.6 MB.
System memory in use after: 178.9 MB.

Unloading 20 unused Assets to reduce memory usage. Loaded Objects now: 5283.
Total: 5.044300 ms (FindLiveObjects: 0.416800 ms CreateObjectMapping: 0.337400 ms MarkObjects: 4.255100 ms  DeleteObjects: 0.033600 ms)

AssetImportParameters requested are different than current active one (requested -> active):
  custom:framework-win-MediaFoundation: 216162199b28c13a410421893ffa2e32 -> 
  custom:video-decoder-ogg-theora: a1e56fd34408186e4bbccfd4996cb3dc -> 
  custom:container-muxer-webm: aa71ff27fc2769a1b78a27578f13a17b -> 
  custom:container-demuxer-webm: 4f35f7cbe854078d1ac9338744f61a02 -> 
  custom:container-demuxer-ogg: 62fdf1f143b41e24485cea50d1cbac27 -> 
  custom:video-encoder-webm-vp8: eb34c28f22e8b96e1ab97ce403110664 -> 
  custom:video-decoder-webm-vp8: 9c59270c3fd7afecdb556c50c9e8de78 -> 
  custom:audio-decoder-ogg-vorbis: bf7c407c2cedff20999df2af8eb42d56 -> 
  custom:audio-encoder-webm-vorbis: bf7c407c2cedff20999df2af8eb42d56 -> 
========================================================================
Received Prepare
Registering precompiled user dll's ...
Registered in 0.006653 seconds.
Begin MonoManager ReloadAssembly
Native extension for LinuxStandalone target not found
Native extension for WindowsStandalone target not found
Native extension for OSXStandalone target not found
Native extension for WebGL target not found
Refreshing native plugins compatible for Editor in 1.00 ms, found 4 plugins.
Preloading 0 native plugins for Editor in 0.00 ms.
Mono: successfully reloaded assembly
- Completed reload, in  1.471 seconds
Domain Reload Profiling:
	ReloadAssembly (1471ms)
		BeginReloadAssembly (149ms)
			ExecutionOrderSort (0ms)
			DisableScriptedObjects (9ms)
			BackupInstance (0ms)
			ReleaseScriptingObjects (0ms)
			CreateAndSetChildDomain (44ms)
		EndReloadAssembly (1252ms)
			LoadAssemblies (118ms)
			RebuildTransferFunctionScriptingTraits (0ms)
			SetupTypeCache (455ms)
			ReleaseScriptCaches (2ms)
			RebuildScriptCaches (61ms)
			SetupLoadedEditorAssemblies (473ms)
				LogAssemblyErrors (0ms)
				InitializePlatformSupportModulesInManaged (9ms)
				SetLoadedEditorAssemblies (1ms)
				RefreshPlugins (1ms)
				BeforeProcessingInitializeOnLoad (100ms)
				ProcessInitializeOnLoadAttributes (343ms)
				ProcessInitializeOnLoadMethodAttributes (11ms)
				AfterProcessingInitializeOnLoad (8ms)
				EditorAssembliesLoaded (0ms)
			ExecutionOrderSort2 (0ms)
			AwakeInstancesAfterBackupRestoration (18ms)
Platform modules already initialized, skipping
Refreshing native plugins compatible for Editor in 1.01 ms, found 4 plugins.
Preloading 0 native plugins for Editor in 0.00 ms.
Unloading 4721 Unused Serialized files (Serialized files now loaded: 0)
System memory in use before: 178.6 MB.
System memory in use after: 178.9 MB.

Unloading 20 unused Assets to reduce memory usage. Loaded Objects now: 5286.
Total: 4.715000 ms (FindLiveObjects: 0.386300 ms CreateObjectMapping: 0.309300 ms MarkObjects: 3.987900 ms  DeleteObjects: 0.029800 ms)

AssetImportParameters requested are different than current active one (requested -> active):
  custom:framework-win-MediaFoundation: 216162199b28c13a410421893ffa2e32 -> 
  custom:video-decoder-ogg-theora: a1e56fd34408186e4bbccfd4996cb3dc -> 
  custom:container-muxer-webm: aa71ff27fc2769a1b78a27578f13a17b -> 
  custom:container-demuxer-webm: 4f35f7cbe854078d1ac9338744f61a02 -> 
  custom:container-demuxer-ogg: 62fdf1f143b41e24485cea50d1cbac27 -> 
  custom:video-encoder-webm-vp8: eb34c28f22e8b96e1ab97ce403110664 -> 
  custom:video-decoder-webm-vp8: 9c59270c3fd7afecdb556c50c9e8de78 -> 
  custom:audio-decoder-ogg-vorbis: bf7c407c2cedff20999df2af8eb42d56 -> 
  custom:audio-encoder-webm-vorbis: bf7c407c2cedff20999df2af8eb42d56 -> 
========================================================================
Received Prepare
Registering precompiled user dll's ...
Registered in 0.006767 seconds.
Begin MonoManager ReloadAssembly
Native extension for LinuxStandalone target not found
Native extension for WindowsStandalone target not found
Native extension for OSXStandalone target not found
Native extension for WebGL target not found
Refreshing native plugins compatible for Editor in 0.97 ms, found 4 plugins.
Preloading 0 native plugins for Editor in 0.00 ms.
Mono: successfully reloaded assembly
- Completed reload, in  1.451 seconds
Domain Reload Profiling:
	ReloadAssembly (1452ms)
		BeginReloadAssembly (138ms)
			ExecutionOrderSort (0ms)
			DisableScriptedObjects (8ms)
			BackupInstance (0ms)
			ReleaseScriptingObjects (0ms)
			CreateAndSetChildDomain (42ms)
		EndReloadAssembly (1246ms)
			LoadAssemblies (116ms)
			RebuildTransferFunctionScriptingTraits (0ms)
			SetupTypeCache (453ms)
			ReleaseScriptCaches (2ms)
			RebuildScriptCaches (62ms)
			SetupLoadedEditorAssemblies (468ms)
				LogAssemblyErrors (0ms)
				InitializePlatformSupportModulesInManaged (9ms)
				SetLoadedEditorAssemblies (1ms)
				RefreshPlugins (1ms)
				BeforeProcessingInitializeOnLoad (98ms)
				ProcessInitializeOnLoadAttributes (343ms)
				ProcessInitializeOnLoadMethodAttributes (11ms)
				AfterProcessingInitializeOnLoad (6ms)
				EditorAssembliesLoaded (0ms)
			ExecutionOrderSort2 (0ms)
			AwakeInstancesAfterBackupRestoration (18ms)
Platform modules already initialized, skipping
Refreshing native plugins compatible for Editor in 0.99 ms, found 4 plugins.
Preloading 0 native plugins for Editor in 0.00 ms.
Unloading 4721 Unused Serialized files (Serialized files now loaded: 0)
System memory in use before: 178.7 MB.
System memory in use after: 178.9 MB.

Unloading 20 unused Assets to reduce memory usage. Loaded Objects now: 5289.
Total: 4.709300 ms (FindLiveObjects: 0.379300 ms CreateObjectMapping: 0.288500 ms MarkObjects: 4.000600 ms  DeleteObjects: 0.039600 ms)

AssetImportParameters requested are different than current active one (requested -> active):
  custom:framework-win-MediaFoundation: 216162199b28c13a410421893ffa2e32 -> 
  custom:video-decoder-ogg-theora: a1e56fd34408186e4bbccfd4996cb3dc -> 
  custom:container-muxer-webm: aa71ff27fc2769a1b78a27578f13a17b -> 
  custom:container-demuxer-webm: 4f35f7cbe854078d1ac9338744f61a02 -> 
  custom:container-demuxer-ogg: 62fdf1f143b41e24485cea50d1cbac27 -> 
  custom:video-encoder-webm-vp8: eb34c28f22e8b96e1ab97ce403110664 -> 
  custom:video-decoder-webm-vp8: 9c59270c3fd7afecdb556c50c9e8de78 -> 
  custom:audio-decoder-ogg-vorbis: bf7c407c2cedff20999df2af8eb42d56 -> 
  custom:audio-encoder-webm-vorbis: bf7c407c2cedff20999df2af8eb42d56 -> 
